\BOOKMARK [0][]{chapter.0}{R\351sum\351 de la probl\351matique et r\351sultats principaux}{}% 1
\BOOKMARK [-1][]{part.1}{I Intrusive magmatism: definition and objective}{}% 2
\BOOKMARK [0][]{chapter.1}{Intrusive magmatism \205 Definition and overview}{part.1}% 3
\BOOKMARK [0][]{chapter.2}{Newtonian elastic-plated gravity current}{part.1}% 4
\BOOKMARK [1][]{section.2.1}{Theoretical model}{chapter.2}% 5
\BOOKMARK [2][]{subsection.2.1.1}{Governing equation}{section.2.1}% 6
\BOOKMARK [2][]{subsection.2.1.2}{Dimensionless equations}{section.2.1}% 7
\BOOKMARK [2][]{subsection.2.1.3}{Need for regularization}{section.2.1}% 8
\BOOKMARK [1][]{section.2.2}{Regime of propagations}{chapter.2}% 9
\BOOKMARK [2][]{subsection.2.2.1}{Bending regime}{section.2.2}% 10
\BOOKMARK [2][]{subsection.2.2.2}{Gravity current regime}{section.2.2}% 11
\BOOKMARK [2][]{subsection.2.2.3}{Lateral propagation}{section.2.2}% 12
\BOOKMARK [1][]{section.2.3}{Application to the Earth, Moon and Mars}{chapter.2}% 13
\BOOKMARK [1][]{section.2.4}{Discussion}{chapter.2}% 14
\BOOKMARK [-1][]{part.2}{II Laccolith-sill transitions}{}% 15
\BOOKMARK [0][]{chapter.3}{Model for a cooling elastic-plated gravity current}{part.2}% 16
\BOOKMARK [1][]{section.3.1}{Theory}{chapter.3}% 17
\BOOKMARK [2][]{subsection.3.1.1}{Formulation}{section.3.1}% 18
\BOOKMARK [2][]{subsection.3.1.2}{Equation for the thickness}{section.3.1}% 19
\BOOKMARK [2][]{subsection.3.1.3}{Heat transport equation}{section.3.1}% 20
\BOOKMARK [2][]{subsection.3.1.4}{Dimensionless equations}{section.3.1}% 21
\BOOKMARK [2][]{subsection.3.1.5}{Further simplifications}{section.3.1}% 22
\BOOKMARK [2][]{subsection.3.1.6}{Summary of the equations}{section.3.1}% 23
\BOOKMARK [1][]{section.3.2}{Numerical approach}{chapter.3}% 24
\BOOKMARK [2][]{subsection.3.2.1}{General procedure}{section.3.2}% 25
\BOOKMARK [2][]{subsection.3.2.2}{Thickness equation}{section.3.2}% 26
\BOOKMARK [2][]{subsection.3.2.3}{Heat equation}{section.3.2}% 27
\BOOKMARK [0][]{chapter.4}{First order modelling - Isothermal rocks}{part.2}% 28
\BOOKMARK [0][]{chapter.5}{Second order modelling}{part.2}% 29
\BOOKMARK [1][]{section.5.1}{Influence of the flow rheology}{chapter.5}% 30
\BOOKMARK [1][]{section.5.2}{Heating of the surrounding layer}{chapter.5}% 31
\BOOKMARK [1][]{section.5.3}{Crystallization}{chapter.5}% 32
\BOOKMARK [1][]{section.5.4}{Applications}{chapter.5}% 33
\BOOKMARK [-1][]{part.3}{III Floor-fractured craters}{}% 34
\BOOKMARK [0][]{chapter.6}{Second order modelling}{part.3}% 35
\BOOKMARK [1][]{section.6.1}{Influence of the flow rheology}{chapter.6}% 36
\BOOKMARK [1][]{section.6.2}{Heating of the surrounding layer}{chapter.6}% 37
\BOOKMARK [1][]{section.6.3}{Crystallization}{chapter.6}% 38
\BOOKMARK [1][]{section.6.4}{Applications}{chapter.6}% 39
\BOOKMARK [0][]{chapter.7}{Gravitationnal signature of Floor-fractured craters}{part.3}% 40
\BOOKMARK [0][]{chapter.8}{New detection using machine learning techniques}{part.3}% 41
\BOOKMARK [0][]{chapter*.3}{Bibliography}{part.3}% 42
